<?xml version="1.0" encoding="UTF-8"?>
<testsuite xmlns:xsi="http://www.w3.org/2001/XMLSchema-instance" xsi:noNamespaceSchemaLocation="https://maven.apache.org/surefire/maven-surefire-plugin/xsd/surefire-test-report.xsd" name="guru.springframework.msscbeerservice.web.controller.BeerControllerTest" time="2.56" tests="3" errors="0" skipped="0" failures="2">
  <properties>
[...]
</properties>
  <testcase name="updateBeerById" classname="guru.springframework.msscbeerservice.web.controller.BeerControllerTest" time="0.401">
    <failure message="Status expected:&lt;204&gt; but was:&lt;400&gt;" type="java.lang.AssertionError"><![CDATA[java.lang.AssertionError: Status expected:<204> but was:<400>
	at guru.springframework.msscbeerservice.web.controller.BeerControllerTest.updateBeerById(BeerControllerTest.java:52)
]]></failure>
    <system-out><![CDATA[18:41:13.978 [main] DEBUG org.springframework.test.context.BootstrapUtils - Instantiating CacheAwareContextLoaderDelegate from class [org.springframework.test.context.cache.DefaultCacheAwareContextLoaderDelegate]
18:41:13.990 [main] DEBUG org.springframework.test.context.BootstrapUtils - Instantiating BootstrapContext using constructor [public org.springframework.test.context.support.DefaultBootstrapContext(java.lang.Class,org.springframework.test.context.CacheAwareContextLoaderDelegate)]
18:41:14.009 [main] DEBUG org.springframework.test.context.BootstrapUtils - Instantiating TestContextBootstrapper for test class [guru.springframework.msscbeerservice.web.controller.BeerControllerTest] from class [org.springframework.boot.test.autoconfigure.web.servlet.WebMvcTestContextBootstrapper]
18:41:14.017 [main] INFO org.springframework.boot.test.autoconfigure.web.servlet.WebMvcTestContextBootstrapper - Neither @ContextConfiguration nor @ContextHierarchy found for test class [guru.springframework.msscbeerservice.web.controller.BeerControllerTest], using SpringBootContextLoader
18:41:14.019 [main] DEBUG org.springframework.test.context.support.AbstractContextLoader - Did not detect default resource location for test class [guru.springframework.msscbeerservice.web.controller.BeerControllerTest]: class path resource [guru/springframework/msscbeerservice/web/controller/BeerControllerTest-context.xml] does not exist
18:41:14.020 [main] DEBUG org.springframework.test.context.support.AbstractContextLoader - Did not detect default resource location for test class [guru.springframework.msscbeerservice.web.controller.BeerControllerTest]: class path resource [guru/springframework/msscbeerservice/web/controller/BeerControllerTestContext.groovy] does not exist
18:41:14.020 [main] INFO org.springframework.test.context.support.AbstractContextLoader - Could not detect default resource locations for test class [guru.springframework.msscbeerservice.web.controller.BeerControllerTest]: no resource found for suffixes {-context.xml, Context.groovy}.
18:41:14.021 [main] INFO org.springframework.test.context.support.AnnotationConfigContextLoaderUtils - Could not detect default configuration classes for test class [guru.springframework.msscbeerservice.web.controller.BeerControllerTest]: BeerControllerTest does not declare any static, non-private, non-final, nested classes annotated with @Configuration.
18:41:14.079 [main] DEBUG org.springframework.test.context.support.ActiveProfilesUtils - Could not find an 'annotation declaring class' for annotation type [org.springframework.test.context.ActiveProfiles] and class [guru.springframework.msscbeerservice.web.controller.BeerControllerTest]
18:41:14.124 [main] DEBUG org.springframework.context.annotation.ClassPathScanningCandidateComponentProvider - Identified candidate component class: file [/home/stefanini/Workspaces/java-workspace/mssc-beer-service/target/classes/guru/springframework/msscbeerservice/MsscBeerServiceApplication.class]
18:41:14.124 [main] INFO org.springframework.boot.test.context.SpringBootTestContextBootstrapper - Found @SpringBootConfiguration guru.springframework.msscbeerservice.MsscBeerServiceApplication for test class guru.springframework.msscbeerservice.web.controller.BeerControllerTest
18:41:14.125 [main] DEBUG org.springframework.boot.test.autoconfigure.web.servlet.WebMvcTestContextBootstrapper - @TestExecutionListeners is not present for class [guru.springframework.msscbeerservice.web.controller.BeerControllerTest]: using defaults.
18:41:14.125 [main] INFO org.springframework.boot.test.autoconfigure.web.servlet.WebMvcTestContextBootstrapper - Loaded default TestExecutionListener class names from location [META-INF/spring.factories]: [org.springframework.boot.test.mock.mockito.MockitoTestExecutionListener, org.springframework.boot.test.mock.mockito.ResetMocksTestExecutionListener, org.springframework.boot.test.autoconfigure.restdocs.RestDocsTestExecutionListener, org.springframework.boot.test.autoconfigure.web.client.MockRestServiceServerResetTestExecutionListener, org.springframework.boot.test.autoconfigure.web.servlet.MockMvcPrintOnlyOnFailureTestExecutionListener, org.springframework.boot.test.autoconfigure.web.servlet.WebDriverTestExecutionListener, org.springframework.test.context.web.ServletTestExecutionListener, org.springframework.test.context.support.DirtiesContextBeforeModesTestExecutionListener, org.springframework.test.context.support.DependencyInjectionTestExecutionListener, org.springframework.test.context.support.DirtiesContextTestExecutionListener, org.springframework.test.context.transaction.TransactionalTestExecutionListener, org.springframework.test.context.jdbc.SqlScriptsTestExecutionListener]
18:41:14.134 [main] INFO org.springframework.boot.test.autoconfigure.web.servlet.WebMvcTestContextBootstrapper - Using TestExecutionListeners: [org.springframework.test.context.web.ServletTestExecutionListener@5afa3c9, org.springframework.test.context.support.DirtiesContextBeforeModesTestExecutionListener@72035809, org.springframework.boot.test.mock.mockito.MockitoTestExecutionListener@909217e, org.springframework.boot.test.autoconfigure.SpringBootDependencyInjectionTestExecutionListener@18271936, org.springframework.test.context.support.DirtiesContextTestExecutionListener@606e4010, org.springframework.test.context.transaction.TransactionalTestExecutionListener@8458f04, org.springframework.test.context.jdbc.SqlScriptsTestExecutionListener@48075da3, org.springframework.boot.test.mock.mockito.ResetMocksTestExecutionListener@68c9133c, org.springframework.boot.test.autoconfigure.restdocs.RestDocsTestExecutionListener@7a35b0f5, org.springframework.boot.test.autoconfigure.web.client.MockRestServiceServerResetTestExecutionListener@5e2c3d18, org.springframework.boot.test.autoconfigure.web.servlet.MockMvcPrintOnlyOnFailureTestExecutionListener@2cb4893b, org.springframework.boot.test.autoconfigure.web.servlet.WebDriverTestExecutionListener@cc43f62]
18:41:14.137 [main] DEBUG org.springframework.test.context.support.AbstractDirtiesContextTestExecutionListener - Before test class: context [DefaultTestContext@1750fbeb testClass = BeerControllerTest, testInstance = [null], testMethod = [null], testException = [null], mergedContextConfiguration = [WebMergedContextConfiguration@5b247367 testClass = BeerControllerTest, locations = '{}', classes = '{class guru.springframework.msscbeerservice.MsscBeerServiceApplication}', contextInitializerClasses = '[]', activeProfiles = '{}', propertySourceLocations = '{}', propertySourceProperties = '{org.springframework.boot.test.autoconfigure.web.servlet.WebMvcTestContextBootstrapper=true}', contextCustomizers = set[[ImportsContextCustomizer@268f106e key = [org.springframework.boot.autoconfigure.cache.CacheAutoConfiguration, org.springframework.boot.autoconfigure.context.MessageSourceAutoConfiguration, org.springframework.boot.autoconfigure.data.web.SpringDataWebAutoConfiguration, org.springframework.boot.autoconfigure.freemarker.FreeMarkerAutoConfiguration, org.springframework.boot.autoconfigure.groovy.template.GroovyTemplateAutoConfiguration, org.springframework.boot.autoconfigure.gson.GsonAutoConfiguration, org.springframework.boot.autoconfigure.hateoas.HypermediaAutoConfiguration, org.springframework.boot.autoconfigure.http.HttpMessageConvertersAutoConfiguration, org.springframework.boot.autoconfigure.jackson.JacksonAutoConfiguration, org.springframework.boot.autoconfigure.jsonb.JsonbAutoConfiguration, org.springframework.boot.autoconfigure.mustache.MustacheAutoConfiguration, org.springframework.boot.autoconfigure.task.TaskExecutionAutoConfiguration, org.springframework.boot.autoconfigure.thymeleaf.ThymeleafAutoConfiguration, org.springframework.boot.autoconfigure.validation.ValidationAutoConfiguration, org.springframework.boot.autoconfigure.web.servlet.error.ErrorMvcAutoConfiguration, org.springframework.boot.autoconfigure.web.servlet.WebMvcAutoConfiguration, org.springframework.boot.test.autoconfigure.web.servlet.MockMvcAutoConfiguration, org.springframework.boot.test.autoconfigure.web.servlet.MockMvcSecurityAutoConfiguration, org.springframework.boot.test.autoconfigure.web.servlet.MockMvcWebClientAutoConfiguration, org.springframework.boot.test.autoconfigure.web.servlet.MockMvcWebDriverAutoConfiguration]], org.springframework.boot.test.context.filter.ExcludeFilterContextCustomizer@57250572, org.springframework.boot.test.json.DuplicateJsonObjectContextCustomizerFactory$DuplicateJsonObjectContextCustomizer@17a7f733, org.springframework.boot.test.mock.mockito.MockitoContextCustomizer@0, org.springframework.boot.test.autoconfigure.OverrideAutoConfigurationContextCustomizerFactory$DisableAutoConfigurationContextCustomizer@186f8716, org.springframework.boot.test.autoconfigure.filter.TypeExcludeFiltersContextCustomizer@315a0006, org.springframework.boot.test.autoconfigure.properties.PropertyMappingContextCustomizer@68df3bf, org.springframework.boot.test.autoconfigure.web.servlet.WebDriverContextCustomizerFactory$Customizer@49dc7102], resourceBasePath = '', contextLoader = 'org.springframework.boot.test.context.SpringBootContextLoader', parent = [null]], attributes = map[[empty]]], class annotated with @DirtiesContext [false] with mode [null].
18:41:14.142 [main] DEBUG org.springframework.test.context.support.DependencyInjectionTestExecutionListener - Performing dependency injection for test context [[DefaultTestContext@1750fbeb testClass = BeerControllerTest, testInstance = guru.springframework.msscbeerservice.web.controller.BeerControllerTest@17fc391b, testMethod = [null], testException = [null], mergedContextConfiguration = [WebMergedContextConfiguration@5b247367 testClass = BeerControllerTest, locations = '{}', classes = '{class guru.springframework.msscbeerservice.MsscBeerServiceApplication}', contextInitializerClasses = '[]', activeProfiles = '{}', propertySourceLocations = '{}', propertySourceProperties = '{org.springframework.boot.test.autoconfigure.web.servlet.WebMvcTestContextBootstrapper=true}', contextCustomizers = set[[ImportsContextCustomizer@268f106e key = [org.springframework.boot.autoconfigure.cache.CacheAutoConfiguration, org.springframework.boot.autoconfigure.context.MessageSourceAutoConfiguration, org.springframework.boot.autoconfigure.data.web.SpringDataWebAutoConfiguration, org.springframework.boot.autoconfigure.freemarker.FreeMarkerAutoConfiguration, org.springframework.boot.autoconfigure.groovy.template.GroovyTemplateAutoConfiguration, org.springframework.boot.autoconfigure.gson.GsonAutoConfiguration, org.springframework.boot.autoconfigure.hateoas.HypermediaAutoConfiguration, org.springframework.boot.autoconfigure.http.HttpMessageConvertersAutoConfiguration, org.springframework.boot.autoconfigure.jackson.JacksonAutoConfiguration, org.springframework.boot.autoconfigure.jsonb.JsonbAutoConfiguration, org.springframework.boot.autoconfigure.mustache.MustacheAutoConfiguration, org.springframework.boot.autoconfigure.task.TaskExecutionAutoConfiguration, org.springframework.boot.autoconfigure.thymeleaf.ThymeleafAutoConfiguration, org.springframework.boot.autoconfigure.validation.ValidationAutoConfiguration, org.springframework.boot.autoconfigure.web.servlet.error.ErrorMvcAutoConfiguration, org.springframework.boot.autoconfigure.web.servlet.WebMvcAutoConfiguration, org.springframework.boot.test.autoconfigure.web.servlet.MockMvcAutoConfiguration, org.springframework.boot.test.autoconfigure.web.servlet.MockMvcSecurityAutoConfiguration, org.springframework.boot.test.autoconfigure.web.servlet.MockMvcWebClientAutoConfiguration, org.springframework.boot.test.autoconfigure.web.servlet.MockMvcWebDriverAutoConfiguration]], org.springframework.boot.test.context.filter.ExcludeFilterContextCustomizer@57250572, org.springframework.boot.test.json.DuplicateJsonObjectContextCustomizerFactory$DuplicateJsonObjectContextCustomizer@17a7f733, org.springframework.boot.test.mock.mockito.MockitoContextCustomizer@0, org.springframework.boot.test.autoconfigure.OverrideAutoConfigurationContextCustomizerFactory$DisableAutoConfigurationContextCustomizer@186f8716, org.springframework.boot.test.autoconfigure.filter.TypeExcludeFiltersContextCustomizer@315a0006, org.springframework.boot.test.autoconfigure.properties.PropertyMappingContextCustomizer@68df3bf, org.springframework.boot.test.autoconfigure.web.servlet.WebDriverContextCustomizerFactory$Customizer@49dc7102], resourceBasePath = '', contextLoader = 'org.springframework.boot.test.context.SpringBootContextLoader', parent = [null]], attributes = map[[empty]]]].
18:41:14.232 [main] DEBUG org.springframework.test.context.support.TestPropertySourceUtils - Adding inlined properties to environment: {spring.jmx.enabled=false, org.springframework.boot.test.autoconfigure.web.servlet.WebMvcTestContextBootstrapper=true, server.port=-1}

  .   ____          _            __ _ _
 /\\ / ___'_ __ _ _(_)_ __  __ _ \ \ \ \
( ( )\___ | '_ | '_| | '_ \/ _` | \ \ \ \
 \\/  ___)| |_)| | | | | || (_| |  ) ) ) )
  '  |____| .__|_| |_|_| |_\__, | / / / /
 =========|_|==============|___/=/_/_/_/
 :: Spring Boot ::        (v2.1.4.RELEASE)

2023-08-20 18:41:14.479  INFO 58527 --- [           main] g.s.m.web.controller.BeerControllerTest  : Starting BeerControllerTest on stefanini with PID 58527 (started by stefanini in /home/stefanini/Workspaces/java-workspace/mssc-beer-service)
2023-08-20 18:41:14.483  INFO 58527 --- [           main] g.s.m.web.controller.BeerControllerTest  : No active profile set, falling back to default profiles: default
2023-08-20 18:41:15.762  INFO 58527 --- [           main] o.s.s.concurrent.ThreadPoolTaskExecutor  : Initializing ExecutorService 'applicationTaskExecutor'
2023-08-20 18:41:16.002  INFO 58527 --- [           main] o.s.b.t.m.w.SpringBootMockServletContext : Initializing Spring TestDispatcherServlet ''
2023-08-20 18:41:16.003  INFO 58527 --- [           main] o.s.t.web.servlet.TestDispatcherServlet  : Initializing Servlet ''
2023-08-20 18:41:16.016  INFO 58527 --- [           main] o.s.t.web.servlet.TestDispatcherServlet  : Completed initialization in 13 ms
2023-08-20 18:41:16.051  INFO 58527 --- [           main] g.s.m.web.controller.BeerControllerTest  : Started BeerControllerTest in 1.812 seconds (JVM running for 2.6)
2023-08-20 18:41:16.437  WARN 58527 --- [           main] .w.s.m.s.DefaultHandlerExceptionResolver : Resolved [org.springframework.web.bind.MethodArgumentNotValidException: Validation failed for argument [1] in public org.springframework.http.ResponseEntity guru.springframework.msscbeerservice.web.controller.BeerController.updateBeerById(java.util.UUID,guru.springframework.msscbeerservice.web.model.BeerDto) with 4 errors: [Field error in object 'beerDto' on field 'beerStyle': rejected value [null]; codes [NotNull.beerDto.beerStyle,NotNull.beerStyle,NotNull.guru.springframework.msscbeerservice.web.model.BeerStyleEnum,NotNull]; arguments [org.springframework.context.support.DefaultMessageSourceResolvable: codes [beerDto.beerStyle,beerStyle]; arguments []; default message [beerStyle]]; default message [must not be null]] [Field error in object 'beerDto' on field 'price': rejected value [null]; codes [NotNull.beerDto.price,NotNull.price,NotNull.java.math.BigDecimal,NotNull]; arguments [org.springframework.context.support.DefaultMessageSourceResolvable: codes [beerDto.price,price]; arguments []; default message [price]]; default message [must not be null]] [Field error in object 'beerDto' on field 'beerName': rejected value [null]; codes [NotBlank.beerDto.beerName,NotBlank.beerName,NotBlank.java.lang.String,NotBlank]; arguments [org.springframework.context.support.DefaultMessageSourceResolvable: codes [beerDto.beerName,beerName]; arguments []; default message [beerName]]; default message [must not be blank]] [Field error in object 'beerDto' on field 'upc': rejected value [null]; codes [NotNull.beerDto.upc,NotNull.upc,NotNull.java.lang.Long,NotNull]; arguments [org.springframework.context.support.DefaultMessageSourceResolvable: codes [beerDto.upc,upc]; arguments []; default message [upc]]; default message [must not be null]] ]

MockHttpServletRequest:
      HTTP Method = PUT
      Request URI = /api/v1/beer/8f5a2d98-b783-484d-9b2c-dd3338b946a1
       Parameters = {}
          Headers = [Content-Type:"application/json"]
             Body = <no character encoding set>
    Session Attrs = {}

Handler:
             Type = guru.springframework.msscbeerservice.web.controller.BeerController
           Method = public org.springframework.http.ResponseEntity guru.springframework.msscbeerservice.web.controller.BeerController.updateBeerById(java.util.UUID,guru.springframework.msscbeerservice.web.model.BeerDto)

Async:
    Async started = false
     Async result = null

Resolved Exception:
             Type = org.springframework.web.bind.MethodArgumentNotValidException

ModelAndView:
        View name = null
             View = null
            Model = null

FlashMap:
       Attributes = null

MockHttpServletResponse:
           Status = 400
    Error message = null
          Headers = []
     Content type = null
             Body = 
    Forwarded URL = null
   Redirected URL = null
          Cookies = []
]]></system-out>
  </testcase>
  <testcase name="saveNewBeer" classname="guru.springframework.msscbeerservice.web.controller.BeerControllerTest" time="0.008">
    <failure message="Status expected:&lt;201&gt; but was:&lt;400&gt;" type="java.lang.AssertionError"><![CDATA[java.lang.AssertionError: Status expected:<201> but was:<400>
	at guru.springframework.msscbeerservice.web.controller.BeerControllerTest.saveNewBeer(BeerControllerTest.java:41)
]]></failure>
    <system-out><![CDATA[2023-08-20 18:41:16.464  WARN 58527 --- [           main] .w.s.m.s.DefaultHandlerExceptionResolver : Resolved [org.springframework.web.bind.MethodArgumentNotValidException: Validation failed for argument [0] in public org.springframework.http.ResponseEntity guru.springframework.msscbeerservice.web.controller.BeerController.saveNewBeer(guru.springframework.msscbeerservice.web.model.BeerDto) with 4 errors: [Field error in object 'beerDto' on field 'beerStyle': rejected value [null]; codes [NotNull.beerDto.beerStyle,NotNull.beerStyle,NotNull.guru.springframework.msscbeerservice.web.model.BeerStyleEnum,NotNull]; arguments [org.springframework.context.support.DefaultMessageSourceResolvable: codes [beerDto.beerStyle,beerStyle]; arguments []; default message [beerStyle]]; default message [must not be null]] [Field error in object 'beerDto' on field 'price': rejected value [null]; codes [NotNull.beerDto.price,NotNull.price,NotNull.java.math.BigDecimal,NotNull]; arguments [org.springframework.context.support.DefaultMessageSourceResolvable: codes [beerDto.price,price]; arguments []; default message [price]]; default message [must not be null]] [Field error in object 'beerDto' on field 'beerName': rejected value [null]; codes [NotBlank.beerDto.beerName,NotBlank.beerName,NotBlank.java.lang.String,NotBlank]; arguments [org.springframework.context.support.DefaultMessageSourceResolvable: codes [beerDto.beerName,beerName]; arguments []; default message [beerName]]; default message [must not be blank]] [Field error in object 'beerDto' on field 'upc': rejected value [null]; codes [NotNull.beerDto.upc,NotNull.upc,NotNull.java.lang.Long,NotNull]; arguments [org.springframework.context.support.DefaultMessageSourceResolvable: codes [beerDto.upc,upc]; arguments []; default message [upc]]; default message [must not be null]] ]

MockHttpServletRequest:
      HTTP Method = PUT
      Request URI = /api/v1/beer/8f5a2d98-b783-484d-9b2c-dd3338b946a1
       Parameters = {}
          Headers = [Content-Type:"application/json"]
             Body = <no character encoding set>
    Session Attrs = {}

Handler:
             Type = guru.springframework.msscbeerservice.web.controller.BeerController
           Method = public org.springframework.http.ResponseEntity guru.springframework.msscbeerservice.web.controller.BeerController.updateBeerById(java.util.UUID,guru.springframework.msscbeerservice.web.model.BeerDto)

Async:
    Async started = false
     Async result = null

Resolved Exception:
             Type = org.springframework.web.bind.MethodArgumentNotValidException

ModelAndView:
        View name = null
             View = null
            Model = null

FlashMap:
       Attributes = null

MockHttpServletResponse:
           Status = 400
    Error message = null
          Headers = []
     Content type = null
             Body = 
    Forwarded URL = null
   Redirected URL = null
          Cookies = []

MockHttpServletRequest:
      HTTP Method = POST
      Request URI = /api/v1/beer/
       Parameters = {}
          Headers = [Content-Type:"application/json"]
             Body = <no character encoding set>
    Session Attrs = {}

Handler:
             Type = guru.springframework.msscbeerservice.web.controller.BeerController
           Method = public org.springframework.http.ResponseEntity guru.springframework.msscbeerservice.web.controller.BeerController.saveNewBeer(guru.springframework.msscbeerservice.web.model.BeerDto)

Async:
    Async started = false
     Async result = null

Resolved Exception:
             Type = org.springframework.web.bind.MethodArgumentNotValidException

ModelAndView:
        View name = null
             View = null
            Model = null

FlashMap:
       Attributes = null

MockHttpServletResponse:
           Status = 400
    Error message = null
          Headers = []
     Content type = null
             Body = 
    Forwarded URL = null
   Redirected URL = null
          Cookies = []
]]></system-out>
  </testcase>
  <testcase name="getBeerById" classname="guru.springframework.msscbeerservice.web.controller.BeerControllerTest" time="0.018"/>
</testsuite>